This is pdfTeX, Version 3.141592653-2.6-1.40.26 (TeX Live 2024) (preloaded format=pdflatex 2024.10.30)  13 DEC 2024 09:32
entering extended mode
 restricted \write18 enabled.
 %&-line parsing enabled.
**RPSGame.tex
(./RPSGame.tex
LaTeX2e <2023-11-01> patch level 1
L3 programming layer <2024-02-20>
(/usr/local/texlive/2024basic/texmf-dist/tex/latex/base/article.cls
Document Class: article 2023/05/17 v1.4n Standard LaTeX document class
(/usr/local/texlive/2024basic/texmf-dist/tex/latex/base/size10.clo
File: size10.clo 2023/05/17 v1.4n Standard LaTeX file (size option)
)
\c@part=\count188
\c@section=\count189
\c@subsection=\count190
\c@subsubsection=\count191
\c@paragraph=\count192
\c@subparagraph=\count193
\c@figure=\count194
\c@table=\count195
\abovecaptionskip=\skip48
\belowcaptionskip=\skip49
\bibindent=\dimen140
)
(/Users/sina/Library/texmf/tex/latex/noweb/noweb.sty
\nwmarginglue=\dimen141
\codehsize=\dimen142
\codemargin=\dimen143
\nwdefspace=\dimen144
\equivbox=\box51
LaTeX Font Info:    External font `cmex10' loaded for size
(Font)              <7> on input line 80.
LaTeX Font Info:    External font `cmex10' loaded for size
(Font)              <5> on input line 80.
\plusequivbox=\box52
\@nwbegincodelinewidth=\dimen145
\nwcodetopsep=\skip50
\nwcodepenalty=\count196
\nwbreakcodespace=\dimen146
\@original@textwidth=\dimen147
\nwcodecommentsep=\skip51
\@nwlopage=\count197
\@nwhipage=\count198
\@nwlosub=\count199
\@nwhisub=\count266
\@nwpagetemp=\count267
\@nwpagecount=\count268
\sub@page=\count269
\@nwalph@n=\count270
\nw@chunkcount=\count271
\@commacount=\count272
\nwix@counter=\count273
)
(/usr/local/texlive/2024basic/texmf-dist/tex/latex/l3backend/l3backend-pdftex.d
ef
File: l3backend-pdftex.def 2024-02-20 L3 backend support: PDF output (pdfTeX)
\l__color_backend_stack_int=\count274
\l__pdf_internal_box=\box53
)
No file RPSGame.aux.
\openout1 = `RPSGame.aux'.

LaTeX Font Info:    Checking defaults for OML/cmm/m/it on input line 1.
LaTeX Font Info:    ... okay on input line 1.
LaTeX Font Info:    Checking defaults for OMS/cmsy/m/n on input line 1.
LaTeX Font Info:    ... okay on input line 1.
LaTeX Font Info:    Checking defaults for OT1/cmr/m/n on input line 1.
LaTeX Font Info:    ... okay on input line 1.
LaTeX Font Info:    Checking defaults for T1/cmr/m/n on input line 1.
LaTeX Font Info:    ... okay on input line 1.
LaTeX Font Info:    Checking defaults for TS1/cmr/m/n on input line 1.
LaTeX Font Info:    ... okay on input line 1.
LaTeX Font Info:    Checking defaults for OMX/cmex/m/n on input line 1.
LaTeX Font Info:    ... okay on input line 1.
LaTeX Font Info:    Checking defaults for U/cmr/m/n on input line 1.
LaTeX Font Info:    ... okay on input line 1.
LaTeX Font Info:    External font `cmex10' loaded for size
(Font)              <12> on input line 10.
LaTeX Font Info:    External font `cmex10' loaded for size
(Font)              <8> on input line 10.
LaTeX Font Info:    External font `cmex10' loaded for size
(Font)              <6> on input line 10.
(./RPSGame.toc)
\tf@toc=\write3
\openout3 = `RPSGame.toc'.

 [1

{/usr/local/texlive/2024basic/texmf-var/fonts/map/pdftex/updmap/pdftex.map}] [2
] [3]
Overfull \hbox (26.2414pt too wide) in paragraph at lines 90--97
\OT1/cmr/m/n/10 ten. Klien-ten skickar sitt namn till servern och servern skick
ar ett v^^?alkomstmeddelande
 []

[4] [5] [6] [7] [8] [9] [10] [11] [12]
Overfull \hbox (5.82472pt too wide) in paragraph at lines 386--387
\OT1/cmr/m/n/10 Konstruktorn ska-par en JPanel med 5 JPan-els. F^^?orsta JPanel
 in-neh^^Waller spelarens
 []

[13]
Overfull \hbox (3.04694pt too wide) in paragraph at lines 394--395
\OT1/cmr/m/n/10 konstruktorn ska-par en JPanel med 5 JPan-els. F^^?orsta JPanel
 in-neh^^Waller spelarens
 []

[14]
Overfull \hbox (3.04694pt too wide) in paragraph at lines 432--433
\OT1/cmr/m/n/10 konstruktorn ska-par en JPanel med 5 JPan-els. F^^?orsta JPanel
 in-neh^^Waller spelarens
 []

[15] [16] [17] (./RPSGame.aux)
 ***********
LaTeX2e <2023-11-01> patch level 1
L3 programming layer <2024-02-20>
 ***********
 ) 
Here is how much of TeX's memory you used:
 761 strings out of 475567
 12722 string characters out of 5777888
 1941187 words of memory out of 5000000
 22974 multiletter control sequences out of 15000+600000
 562838 words of font info for 52 fonts, out of 8000000 for 9000
 319 hyphenation exceptions out of 8191
 35i,6n,50p,377b,392s stack positions out of 10000i,1000n,20000p,200000b,200000s
</usr/local/texlive/2024basic/texmf-dist/fonts/type1/public/amsfonts/cm/cmbx1
0.pfb></usr/local/texlive/2024basic/texmf-dist/fonts/type1/public/amsfonts/cm/c
mbx12.pfb></usr/local/texlive/2024basic/texmf-dist/fonts/type1/public/amsfonts/
cm/cmr10.pfb></usr/local/texlive/2024basic/texmf-dist/fonts/type1/public/amsfon
ts/cm/cmr12.pfb></usr/local/texlive/2024basic/texmf-dist/fonts/type1/public/ams
fonts/cm/cmr17.pfb></usr/local/texlive/2024basic/texmf-dist/fonts/type1/public/
amsfonts/cm/cmsy10.pfb></usr/local/texlive/2024basic/texmf-dist/fonts/type1/pub
lic/amsfonts/cm/cmti10.pfb></usr/local/texlive/2024basic/texmf-dist/fonts/type1
/public/amsfonts/cm/cmtt10.pfb>
Output written on RPSGame.pdf (17 pages, 140280 bytes).
PDF statistics:
 99 PDF objects out of 1000 (max. 8388607)
 63 compressed objects within 1 object stream
 0 named destinations out of 1000 (max. 500000)
 1 words of extra memory for PDF output out of 10000 (max. 10000000)

